platforms/android/app/build/outputs/logs/manifest-merger-debug-report.txt
-- Merging decision tree log ---
manifest
ADDED from src/main/AndroidManifest.xml:2:1-18:12
INJECTED from src/main/AndroidManifest.xml:2:1-18:12
INJECTED from src/main/AndroidManifest.xml:2:1-18:12
INJECTED from src/main/AndroidManifest.xml:2:1-18:12
MERGED from [com.github.disono.libVLC-Player:disonoVLC:1.0] AndroidManifest.xml:2:1-16:12
MERGED from [com.github.disono.libVLC-Player:libvlc:1.0] AndroidManifest.xml:2:1-12:12
MERGED from [:CordovaLib] AndroidManifest.xml:20:1-27:12
INJECTED from src/main/AndroidManifest.xml:2:1-18:12
INJECTED from src/main/AndroidManifest.xml:2:1-18:12
INJECTED from src/main/AndroidManifest.xml:2:1-18:12
	package
		ADDED from src/main/AndroidManifest.xml:2:102-132
		INJECTED from src/main/AndroidManifest.xml
		INJECTED from src/main/AndroidManifest.xml
	android:versionName
		ADDED from src/main/AndroidManifest.xml:2:74-101
		INJECTED from src/main/AndroidManifest.xml
		INJECTED from src/main/AndroidManifest.xml
	android:hardwareAccelerated
		ADDED from src/main/AndroidManifest.xml:2:11-45
	xmlns:android
		ADDED from src/main/AndroidManifest.xml:2:133-191
	android:versionCode
		ADDED from src/main/AndroidManifest.xml:2:46-73
		INJECTED from src/main/AndroidManifest.xml
		INJECTED from src/main/AndroidManifest.xml
supports-screens
ADDED from src/main/AndroidManifest.xml:3:5-191
	android:largeScreens
		ADDED from src/main/AndroidManifest.xml:3:49-76
	android:smallScreens
		ADDED from src/main/AndroidManifest.xml:3:132-159
	android:normalScreens
		ADDED from src/main/AndroidManifest.xml:3:77-105
	android:xlargeScreens
		ADDED from src/main/AndroidManifest.xml:3:160-188
	android:resizeable
		ADDED from src/main/AndroidManifest.xml:3:106-131
	android:anyDensity
		ADDED from src/main/AndroidManifest.xml:3:23-48
uses-permission#android.permission.INTERNET
ADDED from src/main/AndroidManifest.xml:4:5-67
	android:name
		ADDED from src/main/AndroidManifest.xml:4:22-64
application
ADDED from src/main/AndroidManifest.xml:5:5-15:19
MERGED from [com.github.disono.libVLC-Player:disonoVLC:1.0] AndroidManifest.xml:11:5-14:38
MERGED from [com.github.disono.libVLC-Player:disonoVLC:1.0] AndroidManifest.xml:11:5-14:38
	android:supportsRtl
		ADDED from src/main/AndroidManifest.xml:5:114-140
	android:label
		ADDED from src/main/AndroidManifest.xml:5:81-113
	android:hardwareAccelerated
		ADDED from src/main/AndroidManifest.xml:5:18-52
	android:allowBackup
		ADDED from [com.github.disono.libVLC-Player:disonoVLC:1.0] AndroidManifest.xml:12:9-35
	android:icon
		ADDED from src/main/AndroidManifest.xml:5:53-80
activity#com.numidea.streamit.MainActivity
ADDED from src/main/AndroidManifest.xml:6:9-11:20
	android:label
		ADDED from src/main/AndroidManifest.xml:6:97-134
	android:launchMode
		ADDED from src/main/AndroidManifest.xml:6:135-165
	android:windowSoftInputMode
		ADDED from src/main/AndroidManifest.xml:6:257-299
	android:configChanges
		ADDED from src/main/AndroidManifest.xml:6:19-96
	android:theme
		ADDED from src/main/AndroidManifest.xml:6:194-256
	android:name
		ADDED from src/main/AndroidManifest.xml:6:166-193
intent-filter#android.intent.action.MAIN+android.intent.category.LAUNCHER
ADDED from src/main/AndroidManifest.xml:7:13-10:29
	android:label
		ADDED from src/main/AndroidManifest.xml:7:28-65
action#android.intent.action.MAIN
ADDED from src/main/AndroidManifest.xml:8:17-69
	android:name
		ADDED from src/main/AndroidManifest.xml:8:25-66
category#android.intent.category.LAUNCHER
ADDED from src/main/AndroidManifest.xml:9:17-77
	android:name
		ADDED from src/main/AndroidManifest.xml:9:27-74
activity#com.hutchind.cordova.plugins.streamingmedia.SimpleAudioStream
ADDED from src/main/AndroidManifest.xml:12:9-181
	android:label
		ADDED from src/main/AndroidManifest.xml:12:66-101
	android:configChanges
		ADDED from src/main/AndroidManifest.xml:12:19-65
	android:name
		ADDED from src/main/AndroidManifest.xml:12:102-178
activity#com.hutchind.cordova.plugins.streamingmedia.SimpleVideoStream
ADDED from src/main/AndroidManifest.xml:13:9-181
	android:label
		ADDED from src/main/AndroidManifest.xml:13:66-101
	android:configChanges
		ADDED from src/main/AndroidManifest.xml:13:19-65
	android:name
		ADDED from src/main/AndroidManifest.xml:13:102-178
activity#com.webmons.disono.libVLC.VLCActivity
ADDED from src/main/AndroidManifest.xml:14:9-74
	android:name
		ADDED from src/main/AndroidManifest.xml:14:19-71
uses-sdk
ADDED from src/main/AndroidManifest.xml:16:5-74
MERGED from [com.github.disono.libVLC-Player:disonoVLC:1.0] AndroidManifest.xml:7:5-9:41
MERGED from [com.github.disono.libVLC-Player:disonoVLC:1.0] AndroidManifest.xml:7:5-9:41
MERGED from [com.github.disono.libVLC-Player:libvlc:1.0] AndroidManifest.xml:8:5-10:41
MERGED from [com.github.disono.libVLC-Player:libvlc:1.0] AndroidManifest.xml:8:5-10:41
MERGED from [:CordovaLib] AndroidManifest.xml:25:5-44
MERGED from [:CordovaLib] AndroidManifest.xml:25:5-44
	android:targetSdkVersion
		ADDED from src/main/AndroidManifest.xml:16:42-71
	android:minSdkVersion
		ADDED from src/main/AndroidManifest.xml:16:15-41
uses-permission#android.permission.RECORD_AUDIO
ADDED from src/main/AndroidManifest.xml:17:5-71
	android:name
		ADDED from src/main/AndroidManifest.xml:17:22-68